# Log file : cell.log
# Generated on : 2023-May-01 11:33:48
# (1) step (2) area (3) avg_perim (4) size (5) vp_energy 
       0  2.97982914  6.47822452    1109  -1.818025e+04  
     100  2.91027651  6.61269249    1121  -1.810250e+04  
     200  2.86492924  6.61325725    1135  -1.814257e+04  
     300  2.83210870  6.60185961    1148  -1.816892e+04  
     400  2.80981385  6.58793522    1165  -1.822194e+04  
     500  2.78805688  6.56404444    1179  -1.828394e+04  
     600  2.77620249  6.56217800    1192  -1.831874e+04  
     700  2.76527813  6.55552602    1204  -1.835330e+04  
     800  2.75359781  6.54080495    1211  -1.838080e+04  
     900  2.74326830  6.53529088    1220  -1.840573e+04  
    1000  2.73389482  6.52046489    1224  -1.842315e+04  
    1100  2.72178536  6.51314916    1229  -1.844246e+04  
    1200  2.71380280  6.50126266    1233  -1.847421e+04  
    1300  2.70931042  6.49640970    1238  -1.850488e+04  
    1400  2.70388223  6.49512058    1243  -1.850403e+04  
    1500  2.69370403  6.48974236    1249  -1.851836e+04  
    1600  2.68907762  6.47891031    1251  -1.852945e+04  
    1700  2.68877268  6.48504756    1258  -1.856126e+04  
    1800  2.68202128  6.47162672    1260  -1.859537e+04  
    1900  2.68004017  6.46238720    1262  -1.858352e+04  
    2000  2.67909912  6.46932218    1261  -1.858954e+04  
    2100  2.67735906  6.46876385    1263  -1.860233e+04  
    2200  2.67044340  6.46768319    1266  -1.861289e+04  
    2300  2.66866488  6.45707658    1266  -1.862422e+04  
    2400  2.66456526  6.45850775    1267  -1.862639e+04  
