# Log file : cell.log
# Generated on : 2023-Apr-27 17:05:28
# (1) step (2) area (3) avg_perim (4) size (5) vp_energy 
       0  2.94324197  6.43266570    1496  -1.593073e+04  
     100  2.92347601  6.56243712    1496  -1.579073e+04  
     200  2.91719074  6.59309398    1496  -1.575252e+04  
     300  2.91178663  6.60787581    1496  -1.573438e+04  
     400  2.90615757  6.61896642    1496  -1.572155e+04  
     500  2.90353548  6.62504738    1496  -1.571208e+04  
     600  2.90343954  6.63277217    1496  -1.570346e+04  
     700  2.90346985  6.63831952    1496  -1.569633e+04  
     800  2.90290317  6.63851587    1496  -1.569600e+04  
     900  2.90404575  6.64076136    1496  -1.569411e+04  
    1000  2.90517619  6.63817964    1496  -1.569532e+04  
    1100  2.90688430  6.64472600    1496  -1.569077e+04  
    1200  2.90859991  6.64945462    1496  -1.568781e+04  
    1300  2.90985544  6.65196971    1496  -1.568522e+04  
    1400  2.90998637  6.65202558    1496  -1.568530e+04  
    1500  2.90905383  6.64519942    1496  -1.569011e+04  
    1600  2.90912113  6.64104543    1496  -1.569253e+04  
    1700  2.91034841  6.63842111    1496  -1.569404e+04  
    1800  2.91045001  6.64202304    1496  -1.568962e+04  
    1900  2.91033192  6.64523138    1496  -1.568701e+04  
    2000  2.91018751  6.64601064    1496  -1.568599e+04  
    2100  2.90845988  6.64578961    1496  -1.568795e+04  
    2200  2.90694773  6.65059116    1496  -1.568338e+04  
    2300  2.90700904  6.65464733    1496  -1.567785e+04  
    2400  2.90741309  6.64864425    1496  -1.568210e+04  
    2500  2.90589461  6.64612492    1496  -1.568521e+04  
    2600  2.90294875  6.64944062    1496  -1.567624e+04  
    2700  2.89933002  6.64676848    1496  -1.567647e+04  
    2800  2.89765046  6.65117126    1496  -1.567278e+04  
    2900  2.90037204  6.64825579    1496  -1.568042e+04  
    3000  2.90259472  6.65393867    1496  -1.567757e+04  
    3100  2.90173922  6.65420369    1496  -1.567507e+04  
    3200  2.90075206  6.65851202    1496  -1.567153e+04  
    3300  2.90157776  6.66353579    1496  -1.566680e+04  
    3400  2.90070065  6.66377239    1496  -1.566425e+04  
    3500  2.90013417  6.66659361    1496  -1.566124e+04  
    3600  2.89976922  6.66635903    1496  -1.566151e+04  
    3700  2.89948275  6.67164831    1496  -1.565623e+04  
    3800  2.90022933  6.67440339    1496  -1.565298e+04  
    3900  2.90085091  6.67485744    1496  -1.565051e+04  
    4000  2.90107860  6.67027783    1496  -1.565486e+04  
    4100  2.90188327  6.67823623    1496  -1.564764e+04  
    4200  2.90420452  6.68210324    1496  -1.564516e+04  
    4300  2.90398313  6.67787951    1496  -1.565039e+04  
    4400  2.90388157  6.67908176    1496  -1.564795e+04  
    4500  2.90469662  6.68108133    1496  -1.564642e+04  
    4600  2.90642503  6.68320056    1496  -1.564372e+04  
    4700  2.90863594  6.68323418    1496  -1.564447e+04  
    4800  2.90996129  6.68452448    1496  -1.564508e+04  
    4900  2.90945532  6.68299925    1496  -1.564677e+04  
    5000  2.90830980  6.68383432    1496  -1.564878e+04  
    5100  2.90864675  6.68026359    1496  -1.565110e+04  
    5200  2.90831710  6.68028525    1496  -1.564883e+04  
    5300  2.90725633  6.67286396    1496  -1.565480e+04  
    5400  2.90621770  6.66828086    1496  -1.566133e+04  
    5500  2.90536116  6.67192727    1496  -1.566031e+04  
    5600  2.90506487  6.67322127    1496  -1.565860e+04  
    5700  2.90504081  6.66581478    1496  -1.566194e+04  
    5800  2.90357441  6.66954939    1496  -1.565693e+04  
    5900  2.90203468  6.66732036    1496  -1.565612e+04  
    6000  2.89994953  6.66988624    1496  -1.565170e+04  
    6100  2.89795023  6.66694343    1496  -1.565208e+04  
    6200  2.89817854  6.67059178    1496  -1.564900e+04  
    6300  2.89775823  6.66355604    1496  -1.565281e+04  
    6400  2.89704368  6.66467933    1496  -1.565292e+04  
    6500  2.89709063  6.66597713    1496  -1.565279e+04  
    6600  2.89752869  6.66569301    1496  -1.565285e+04  
    6700  2.89795817  6.66601468    1496  -1.565362e+04  
    6800  2.89927989  6.66569704    1496  -1.565401e+04  
    6900  2.90156152  6.66973250    1496  -1.564989e+04  
    7000  2.90313653  6.66371902    1496  -1.565891e+04  
    7100  2.90602769  6.66736706    1496  -1.565937e+04  
    7200  2.90874913  6.67170723    1496  -1.565754e+04  
    7300  2.90934027  6.67097608    1496  -1.566251e+04  
    7400  2.91191262  6.67403138    1496  -1.565952e+04  
    7500  2.91482112  6.66930830    1496  -1.566465e+04  
    7600  2.91577241  6.67248040    1496  -1.565912e+04  
    7700  2.91661483  6.67692220    1496  -1.565593e+04  
    7800  2.91819581  6.67564253    1496  -1.565979e+04  
    7900  2.91781669  6.67002086    1496  -1.566278e+04  
    8000  2.91775177  6.67402443    1496  -1.566069e+04  
    8100  2.91757756  6.67336167    1496  -1.566392e+04  
    8200  2.91468857  6.66775842    1496  -1.566774e+04  
    8300  2.91288032  6.66514087    1496  -1.566976e+04  
    8400  2.91112091  6.66453851    1496  -1.566912e+04  
    8500  2.91061660  6.65756315    1496  -1.567201e+04  
    8600  2.90993915  6.66027452    1496  -1.566759e+04  
    8700  2.90760779  6.66159965    1496  -1.566798e+04  
    8800  2.90588552  6.66666025    1496  -1.566241e+04  
    8900  2.90530130  6.66722646    1496  -1.566002e+04  
    9000  2.90545147  6.66684450    1496  -1.566338e+04  
    9100  2.90307408  6.66607306    1496  -1.566370e+04  
    9200  2.89916849  6.66539995    1496  -1.566294e+04  
    9300  2.89621547  6.65857368    1496  -1.566744e+04  
    9400  2.89600751  6.65207433    1496  -1.567243e+04  
    9500  2.89883774  6.65396649    1496  -1.567119e+04  
    9600  2.90117147  6.65973704    1496  -1.566787e+04  
    9700  2.90095863  6.66198349    1496  -1.566544e+04  
    9800  2.90124752  6.66620217    1496  -1.566173e+04  
    9900  2.90248067  6.67091730    1496  -1.565720e+04  
   10000  2.90490133  6.67452463    1496  -1.565703e+04  
